<?xml version="1.0" encoding="UTF-8"?>
<testng-results ignored="0" total="1" passed="1" failed="0" skipped="0">
  <reporter-output>
  </reporter-output>
  <suite started-at="2023-08-03T06:24:34Z" name="Cucumber Suite" finished-at="2023-08-03T06:24:53Z" duration-ms="19383">
    <groups>
      <group name="cucumber">
        <method signature="AbstractTestNGCucumberTests.runScenario(io.cucumber.testng.PickleWrapper, io.cucumber.testng.FeatureWrapper)[pri:0, instance:DemoWebShop.TestRunners.DWS_UI_Runner_INT001@2f67a4d3]" name="runScenario" class="io.cucumber.testng.AbstractTestNGCucumberTests"/>
      </group> <!-- cucumber -->
    </groups>
    <test started-at="2023-08-03T06:24:34Z" name="Cucumber Tests" finished-at="2023-08-03T06:24:53Z" duration-ms="19383">
      <class name="DemoWebShop.TestRunners.DWS_UI_Runner_INT001">
        <test-method is-config="true" signature="setUpClass(org.testng.ITestContext)[pri:0, instance:DemoWebShop.TestRunners.DWS_UI_Runner_INT001@2f67a4d3]" started-at="2023-08-03T06:24:34Z" name="setUpClass" finished-at="2023-08-03T06:24:35Z" duration-ms="1065" status="PASS">
          <params>
            <param index="0">
              <value>
                <![CDATA[org.testng.TestRunner@6fb219dd]]>
              </value>
            </param>
          </params>
          <reporter-output>
          </reporter-output>
        </test-method> <!-- setUpClass -->
        <test-method is-config="true" signature="beforeCalss()[pri:0, instance:DemoWebShop.TestRunners.DWS_UI_Runner_INT001@2f67a4d3]" started-at="2023-08-03T06:24:35Z" name="beforeCalss" finished-at="2023-08-03T06:24:35Z" duration-ms="3" status="PASS">
          <reporter-output>
          </reporter-output>
        </test-method> <!-- beforeCalss -->
        <test-method signature="runScenario(io.cucumber.testng.PickleWrapper, io.cucumber.testng.FeatureWrapper)[pri:0, instance:DemoWebShop.TestRunners.DWS_UI_Runner_INT001@2f67a4d3]" started-at="2023-08-03T06:24:35Z" name="runScenario" description="Runs Cucumber Scenarios" data-provider="scenarios" finished-at="2023-08-03T06:24:49Z" duration-ms="13675" status="PASS">
          <params>
            <param index="0">
              <value>
                <![CDATA["DWS_01 Validate community pool"]]>
              </value>
            </param>
            <param index="1">
              <value>
                <![CDATA["Demo Webshop application"]]>
              </value>
            </param>
          </params>
          <reporter-output>
          </reporter-output>
        </test-method> <!-- runScenario -->
        <test-method is-config="true" signature="tearDownClass()[pri:0, instance:DemoWebShop.TestRunners.DWS_UI_Runner_INT001@2f67a4d3]" started-at="2023-08-03T06:24:51Z" name="tearDownClass" finished-at="2023-08-03T06:24:53Z" duration-ms="2230" status="PASS">
          <reporter-output>
          </reporter-output>
        </test-method> <!-- tearDownClass -->
      </class> <!-- DemoWebShop.TestRunners.DWS_UI_Runner_INT001 -->
    </test> <!-- Cucumber Tests -->
  </suite> <!-- Cucumber Suite -->
</testng-results>
