<?xml version="1.0" encoding="UTF-8"?>
<testng-results ignored="0" total="1" passed="1" failed="0" skipped="0">
  <reporter-output>
  </reporter-output>
  <suite started-at="2024-12-03T14:49:03 IST" name="Regression Suite" finished-at="2024-12-03T14:49:32 IST" duration-ms="29213">
    <groups>
      <group name="cucumber">
        <method signature="AbstractTestNGCucumberTests.runScenario(io.cucumber.testng.PickleWrapper,io.cucumber.testng.FeatureWrapper)[pri:0, instance:ui.creative.testrunners.DWS_UI_Runner_INT001@26b3fd41]" name="runScenario" class="io.cucumber.testng.AbstractTestNGCucumberTests"/>
      </group> <!-- cucumber -->
    </groups>
    <test started-at="2024-12-03T14:49:03 IST" name="ResetResultSummary" finished-at="2024-12-03T14:49:03 IST" duration-ms="401">
    </test> <!-- ResetResultSummary -->
    <test started-at="2024-12-03T14:49:04 IST" name="RegressionTest" finished-at="2024-12-03T14:49:32 IST" duration-ms="28263">
      <class name="ui.creative.testcomponents.SuperTestNG">
        <test-method is-config="true" signature="resetResultSummaryExcelSheet()[pri:0, instance:ui.creative.testcomponents.SuperTestNG@45752059]" started-at="2024-12-03T14:49:01 IST" name="resetResultSummaryExcelSheet" finished-at="2024-12-03T14:49:03 IST" duration-ms="2073" status="PASS">
          <reporter-output>
          </reporter-output>
        </test-method> <!-- resetResultSummaryExcelSheet -->
      </class> <!-- ui.creative.testcomponents.SuperTestNG -->
      <class name="ui.creative.testrunners.DWS_UI_Runner_INT001">
        <test-method is-config="true" signature="setUpClass(org.testng.ITestContext)[pri:0, instance:ui.creative.testrunners.DWS_UI_Runner_INT001@26b3fd41]" started-at="2024-12-03T14:49:04 IST" name="setUpClass" finished-at="2024-12-03T14:49:05 IST" duration-ms="506" status="PASS">
          <params>
            <param index="0">
              <value>
                <![CDATA[org.testng.TestRunner@248d2cec]]>
              </value>
            </param>
          </params>
          <reporter-output>
          </reporter-output>
        </test-method> <!-- setUpClass -->
        <test-method is-config="true" signature="beforeCalss()[pri:0, instance:ui.creative.testrunners.DWS_UI_Runner_INT001@26b3fd41]" started-at="2024-12-03T14:49:05 IST" name="beforeCalss" finished-at="2024-12-03T14:49:05 IST" duration-ms="1" status="PASS">
          <reporter-output>
          </reporter-output>
        </test-method> <!-- beforeCalss -->
        <test-method signature="runScenario(io.cucumber.testng.PickleWrapper,io.cucumber.testng.FeatureWrapper)[pri:0, instance:ui.creative.testrunners.DWS_UI_Runner_INT001@26b3fd41]" started-at="2024-12-03T14:49:05 IST" name="runScenario" description="Runs Cucumber Scenarios" data-provider="scenarios" finished-at="2024-12-03T14:49:31 IST" duration-ms="25993" status="PASS">
          <params>
            <param index="0">
              <value>
                <![CDATA["DWS_04 Validate customer details"]]>
              </value>
            </param>
            <param index="1">
              <value>
                <![CDATA["Demo Webshop application"]]>
              </value>
            </param>
          </params>
          <reporter-output>
          </reporter-output>
        </test-method> <!-- runScenario -->
        <test-method is-config="true" signature="tearDownClass()[pri:0, instance:ui.creative.testrunners.DWS_UI_Runner_INT001@26b3fd41]" started-at="2024-12-03T14:49:32 IST" name="tearDownClass" finished-at="2024-12-03T14:49:32 IST" duration-ms="155" status="PASS">
          <reporter-output>
          </reporter-output>
        </test-method> <!-- tearDownClass -->
      </class> <!-- ui.creative.testrunners.DWS_UI_Runner_INT001 -->
    </test> <!-- RegressionTest -->
  </suite> <!-- Regression Suite -->
</testng-results>
